Arguments: 
  C:\Program Files\nodejs\node.exe C:\Users\gisel\AppData\Roaming\npm\node_modules\yarn\bin\yarn.js add mosquitto mosquitto-clients -y

PATH: 
  C:\Program Files\Common Files\Oracle\Java\javapath;C:\Program Files (x86)\Common Files\Oracle\Java\javapath;C:\Python39\Scripts\;C:\Python39\;C:\Windows\system32;C:\Windows;C:\Windows\System32\Wbem;C:\Windows\System32\WindowsPowerShell\v1.0\;C:\Windows\System32\OpenSSH\;C:\Program Files\NVIDIA Corporation\NVIDIA NvDLISR;C:\Program Files (x86)\NVIDIA Corporation\PhysX\Common;C:\ProgramData\chocolatey\bin;C:\Program Files\dotnet\;C:\Program Files\Microsoft SQL Server\130\Tools\Binn\;C:\Program Files\Microsoft SQL Server\Client SDK\ODBC\170\Tools\Binn\;C:\Users\gisel\Documents\Programs;C:\xampp\php;C:\Program Files\PuTTY\;C:\Program Files\Git\cmd;C:\Program Files\Docker\Docker\resources\bin;C:\ProgramData\DockerDesktop\version-bin;C:\WINDOWS\system32;C:\WINDOWS;C:\WINDOWS\System32\Wbem;C:\WINDOWS\System32\WindowsPowerShell\v1.0\;C:\WINDOWS\System32\OpenSSH\;C:\Users\gisel\Downloads\apache-maven-3.6.3-bin\apache-maven-3.6.3\bin;C:\Program Files\PostgreSQL\13\bin;C:\ProgramData\chocolatey\lib\Elixir/bin;C:\Program Files\nodejs\;C:\Program Files\Java\jdk1.8.0_301\bin;C:\Program Files\Java\jdk1.7.0_80\bin;C:\Program Files\Java\jdk-11.0.12\bin;C:\Users\gisel\gradle-2.10\bin;C:\Users\gisel\gradle-4.10.3\bin;C:\Users\gisel\AppData\Local\Programs\Python\Python38-32\Scripts\;C:\Users\gisel\AppData\Local\Programs\Python\Python38-32\;C:\Users\gisel\AppData\Local\Microsoft\WindowsApps;C:\Users\gisel\AppData\Local\Programs\Microsoft VS Code\bin;C:\Program Files\MySQL\MySQL Server 8.0\bin;C:\MinGW\bin;C:\Program Files\MongoDB\Server\4.2\bin;C:\Users\gisel\.dotnet\tools;C:\Users\gisel\AppData\Local\Microsoft\WindowsApps;C:\Program Files\swipl\bin;%IntelliJ IDEA%;C:\Users\gisel\AppData\Roaming\npm

Yarn version: 
  1.22.10

Node version: 
  14.17.1

Platform: 
  win32 x64

Trace: 
  Error: https://registry.yarnpkg.com/mosquitto: Not found
      at Request.params.callback [as _callback] (C:\Users\gisel\AppData\Roaming\npm\node_modules\yarn\lib\cli.js:66988:18)
      at Request.self.callback (C:\Users\gisel\AppData\Roaming\npm\node_modules\yarn\lib\cli.js:140662:22)
      at Request.emit (events.js:375:28)
      at Request.<anonymous> (C:\Users\gisel\AppData\Roaming\npm\node_modules\yarn\lib\cli.js:141634:10)
      at Request.emit (events.js:375:28)
      at IncomingMessage.<anonymous> (C:\Users\gisel\AppData\Roaming\npm\node_modules\yarn\lib\cli.js:141556:12)
      at Object.onceWrapper (events.js:481:28)
      at IncomingMessage.emit (events.js:387:35)
      at endReadableNT (internal/streams/readable.js:1317:12)
      at processTicksAndRejections (internal/process/task_queues.js:82:21)

npm manifest: 
  {
    "name": "api",
    "version": "1.0.0",
    "description": "",
    "main": "index.js",
    "scripts": {
      "test": "echo \"Error: no test specified\" && exit 1"
    },
    "author": "",
    "license": "ISC",
    "dependencies": {
      "body-parser": "^1.19.0",
      "express": "^4.17.1"
    }
  }

yarn manifest: 
  No manifest

Lockfile: 
  No lockfile
